<?xml version="1.0" encoding="UTF-8"?>
<!-- Generated by org.testng.reporters.JUnitReportReporter -->
<testsuite hostname="Maktum-PC" name="testng.sample" tests="1" failures="0" timestamp="1 Mar 2018 11:16:10 GMT" time="0.032" errors="0">
  <testcase name="test" time="0.032" classname="testng.sample"/>
</testsuite> <!-- testng.sample -->
